<?xml version="1.0" encoding="UTF-8"?>
<!-- Generated by org.testng.reporters.JUnitReportReporter -->
<testsuite hostname="DESKTOP-RP6MG63" failures="0" tests="3" name="Testcases.Tc_09_Verify_menuitems" time="24.798" errors="0" timestamp="2024-03-25T14:04:43 IST" skipped="0">
  <testcase classname="Testcases.Tc_09_Verify_menuitems" name="ManageBookingmenu_verify" time="7.383"/>
  <testcase classname="Testcases.Tc_09_Verify_menuitems" name="Flightstatusmenu_verify" time="9.022"/>
  <testcase classname="Testcases.Tc_09_Verify_menuitems" name="checkinmenu_verify" time="8.393"/>
</testsuite> <!-- Testcases.Tc_09_Verify_menuitems -->
