<?xml version="1.0" encoding="UTF-8"?>
<!-- Generated by org.testng.reporters.JUnitReportReporter -->
<testsuite hostname="DESKTOP-RP6MG63" failures="0" tests="1" name="Testcases.Tc_07_Bookingformpage" time="33.440" errors="0" timestamp="2024-03-25T14:04:43 IST" skipped="0">
  <testcase classname="Testcases.Tc_07_Bookingformpage" name="Bookingpage" time="33.440"/>
</testsuite> <!-- Testcases.Tc_07_Bookingformpage -->
