<?xml version="1.0" encoding="UTF-8"?>
<!-- Generated by org.testng.reporters.JUnitReportReporter -->
<testsuite hostname="DESKTOP-RP6MG63" failures="0" tests="2" name="Testcases.Tc_05_Search_Flightpage" time="22.270" errors="0" timestamp="2024-03-25T14:04:43 IST" skipped="0">
  <testcase classname="Testcases.Tc_05_Search_Flightpage" name="oneway_trip" time="10.158"/>
  <testcase classname="Testcases.Tc_05_Search_Flightpage" name="round_trip" time="12.112"/>
</testsuite> <!-- Testcases.Tc_05_Search_Flightpage -->
