<?xml version="1.0" encoding="UTF-8"?>
<!-- Generated by org.testng.reporters.JUnitReportReporter -->
<testsuite hostname="DESKTOP-RP6MG63" failures="0" tests="1" name="Testcases.Tc_01_Navigate_to_Homepage" time="7.949" errors="0" timestamp="2024-03-25T14:04:43 IST" skipped="0">
  <testcase classname="Testcases.Tc_01_Navigate_to_Homepage" name="Homepgae_verify" time="7.949"/>
</testsuite> <!-- Testcases.Tc_01_Navigate_to_Homepage -->
